  16_Vector_Statistic.cpp
D:\2bWI\SWP1\16_Vector_Statistic\16_Vector_Statistic\16_Vector_Statistic.cpp(65,6): warning C4244: "=": Konvertierung von "float" in "int", möglicher Datenverlust
D:\2bWI\SWP1\16_Vector_Statistic\16_Vector_Statistic\16_Vector_Statistic.cpp(73,13): warning C4244: "Initialisierung": Konvertierung von "_Ty" in "int", möglicher Datenverlust
          with
          [
              _Ty=float
          ]
D:\2bWI\SWP1\16_Vector_Statistic\16_Vector_Statistic\16_Vector_Statistic.cpp(77,28): warning C4244: "=": Konvertierung von "_Ty" in "int", möglicher Datenverlust
          with
          [
              _Ty=float
          ]
D:\2bWI\SWP1\16_Vector_Statistic\16_Vector_Statistic\16_Vector_Statistic.cpp(86,13): warning C4244: "Initialisierung": Konvertierung von "_Ty" in "int", möglicher Datenverlust
          with
          [
              _Ty=float
          ]
D:\2bWI\SWP1\16_Vector_Statistic\16_Vector_Statistic\16_Vector_Statistic.cpp(90,28): warning C4244: "=": Konvertierung von "_Ty" in "int", möglicher Datenverlust
          with
          [
              _Ty=float
          ]
  16_Vector_Statistic.vcxproj -> D:\2bWI\SWP1\16_Vector_Statistic\x64\Debug\16_Vector_Statistic.exe
